<?xml version="1.0" encoding="UTF-8" ?>
<testsuite tests="10" failures="0" name="Runners.TestRunner" time="0.057" errors="0" skipped="9">
  <properties>
[...]
</properties>
  <testcase classname="Scenario: Test Scenario" name="Given user is on Home Page" time="0.005">
    <skipped/>
  </testcase>
  <testcase classname="Scenario: Test Scenario" name="When he search for “dress”" time="0.005">
    <skipped/>
  </testcase>
  <testcase classname="Scenario: Test Scenario" name="And choose to buy the first item" time="0.005">
    <skipped/>
  </testcase>
  <testcase classname="Scenario: Test Scenario" name="And moves to checkout from mini cart" time="0.006">
    <skipped/>
  </testcase>
  <testcase classname="Scenario: Test Scenario" name="And enter personal details on checkout page" time="0.006">
    <skipped/>
  </testcase>
  <testcase classname="Scenario: Test Scenario" name="And select same delivery address" time="0.006">
    <skipped/>
  </testcase>
  <testcase classname="Scenario: Test Scenario" name="And select payment method as “check” payment" time="0.006">
    <skipped/>
  </testcase>
  <testcase classname="Scenario: Test Scenario" name="And place the order" time="0.006">
    <skipped/>
  </testcase>
  <testcase classname="Scenario: Test Scenario" name="Scenario: Test Scenario" time="0.006">
    <skipped/>
  </testcase>
  <testcase classname="Scenario: Test Scenario" name="Scenario: Test Scenario" time="0.006"/>
</testsuite>